<?xml version="1.0" encoding="UTF-8"?>
<!-- Generated by org.testng.reporters.JUnitReportReporter -->
<testsuite hostname="DESKTOP-IQTEBF1" failures="0" tests="2" name="testcases.Testcase_ZeroBanking" time="6.968" errors="0" timestamp="20 Nov. 2019 02:12:42 GMT" skipped="0">
  <testcase classname="testcases.Testcase_ZeroBanking" name="login" time="3.258"/>
  <testcase classname="testcases.Testcase_ZeroBanking" name="addPayee" time="3.710"/>
</testsuite> <!-- testcases.Testcase_ZeroBanking -->
