<?xml version="1.0" encoding="UTF-8"?>
<!-- Generated by org.testng.reporters.JUnitReportReporter -->
<testsuite hostname="DESKTOP-IQTEBF1" name="testcases.TestCase_TourSignon" tests="5" failures="0" timestamp="30 Nov 2019 18:23:50 GMT" time="31.540" errors="0">
  <testcase name="singon" time="6.991" classname="testcases.TestCase_TourSignon"/>
  <testcase name="findAvailableFlights" time="2.896" classname="testcases.TestCase_TourSignon"/>
  <testcase name="welcomePageLinks" time="0.650" classname="testcases.TestCase_TourSignon"/>
  <testcase name="bookFlights" time="9.032" classname="testcases.TestCase_TourSignon"/>
  <testcase name="reserveFlights" time="11.971" classname="testcases.TestCase_TourSignon"/>
</testsuite> <!-- testcases.TestCase_TourSignon -->
