<?xml version="1.0" encoding="UTF-8"?>
<!-- Generated by org.testng.reporters.JUnitReportReporter -->
<testsuite hostname="DESKTOP-IQTEBF1" failures="0" tests="2" name="testcases.Testcase_ZeroBankingLogin" time="6.983" errors="0" timestamp="20 Nov. 2019 02:11:33 GMT" skipped="0">
  <testcase classname="testcases.Testcase_ZeroBankingLogin" name="login" time="2.877"/>
  <testcase classname="testcases.Testcase_ZeroBankingLogin" name="addPayee" time="4.106"/>
</testsuite> <!-- testcases.Testcase_ZeroBankingLogin -->
