<?xml version="1.0" encoding="UTF-8"?>
<!-- Generated by org.testng.reporters.JUnitReportReporter -->
<testsuite hostname="DESKTOP-IQTEBF1" failures="0" tests="2" name="testcases.Testcase_Login" time="5.873" errors="0" timestamp="19 Nov. 2019 03:36:31 GMT" skipped="0">
  <testcase classname="testcases.Testcase_Login" name="login" time="2.569"/>
  <testcase classname="testcases.Testcase_Login" name="addPayee" time="3.304"/>
</testsuite> <!-- testcases.Testcase_Login -->
