<?xml version="1.0" encoding="UTF-8"?>
<!-- Generated by org.testng.reporters.JUnitReportReporter -->
<testsuite skipped="0" hostname="DESKTOP-IQTEBF1" name="testcases.TestCase_TourSignon" tests="5" failures="0" timestamp="30 Nov 2019 20:35:51 GMT" time="17.059" errors="0">
  <testcase name="welcomePageLinks" time="0.689" classname="testcases.TestCase_TourSignon"/>
  <testcase name="singon" time="7.478" classname="testcases.TestCase_TourSignon"/>
  <testcase name="findAvailableFlights" time="3.092" classname="testcases.TestCase_TourSignon"/>
  <testcase name="reserveFlights" time="2.049" classname="testcases.TestCase_TourSignon"/>
  <testcase name="bookFlights" time="3.751" classname="testcases.TestCase_TourSignon"/>
</testsuite> <!-- testcases.TestCase_TourSignon -->
