<?xml version="1.0" encoding="UTF-8"?>
<!-- Generated by org.testng.reporters.JUnitReportReporter -->
<testsuite skipped="0" hostname="DESKTOP-IQTEBF1" name="testcases.TestCase_TourSignon" tests="5" failures="0" timestamp="03 Dec 2019 01:55:51 GMT" time="17.587" errors="0">
  <testcase name="welcomePageLinks" time="0.719" classname="testcases.TestCase_TourSignon"/>
  <testcase name="singon" time="8.106" classname="testcases.TestCase_TourSignon"/>
  <testcase name="findAvailableFlights" time="2.708" classname="testcases.TestCase_TourSignon"/>
  <testcase name="reserveFlights" time="1.746" classname="testcases.TestCase_TourSignon"/>
  <testcase name="bookFlights" time="4.308" classname="testcases.TestCase_TourSignon"/>
</testsuite> <!-- testcases.TestCase_TourSignon -->
